0 verbose cli /usr/bin/node /usr/bin/npm
1 info using npm@9.2.0
2 info using node@v20.16.0
3 timing npm:load:whichnode Completed in 1ms
4 timing config:load:defaults Completed in 3ms
5 timing config:load:file:/usr/share/nodejs/npm/npmrc Completed in 4ms
6 timing config:load:builtin Completed in 5ms
7 timing config:load:cli Completed in 3ms
8 timing config:load:env Completed in 0ms
9 timing config:load:file:/var/www/tmp-frontend/.npmrc Completed in 0ms
10 timing config:load:project Completed in 3ms
11 timing config:load:file:/root/.npmrc Completed in 0ms
12 timing config:load:user Completed in 1ms
13 timing config:load:file:/etc/npmrc Completed in 0ms
14 timing config:load:global Completed in 1ms
15 timing config:load:setEnvs Completed in 2ms
16 timing config:load Completed in 19ms
17 timing npm:load:configload Completed in 20ms
18 timing npm:load:mkdirpcache Completed in 1ms
19 timing npm:load:mkdirplogs Completed in 0ms
20 verbose title npm install
21 verbose argv "install"
22 timing npm:load:setTitle Completed in 1ms
23 timing config:load:flatten Completed in 5ms
24 timing npm:load:display Completed in 8ms
25 verbose logfile logs-max:10 dir:/root/.npm/_logs/2025-03-24T19_23_23_894Z-
26 verbose logfile /root/.npm/_logs/2025-03-24T19_23_23_894Z-debug-0.log
27 timing npm:load:logFile Completed in 16ms
28 timing npm:load:timers Completed in 0ms
29 timing npm:load:configScope Completed in 0ms
30 timing npm:load Completed in 47ms
31 silly logfile start cleaning logs, removing 1 files
32 timing config:load:flatten Completed in 1ms
33 timing arborist:ctor Completed in 1ms
34 silly logfile done cleaning log files
35 timing idealTree:init Completed in 244ms
36 timing idealTree:userRequests Completed in 0ms
37 silly idealTree buildDeps
38 timing idealTree:#root Completed in 1ms
39 timing idealTree:buildDeps Completed in 4ms
40 timing idealTree:fixDepFlags Completed in 0ms
41 timing idealTree Completed in 254ms
42 timing reify:loadTrees Completed in 259ms
43 timing reify:diffTrees Completed in 9ms
44 silly reify moves {}
45 timing reify:retireShallow Completed in 2ms
46 timing reify:createSparse Completed in 32ms
47 timing reify:loadBundles Completed in 0ms
48 silly audit bulk request {
48 silly audit   '@ant-design/colors': [ '6.0.0' ],
48 silly audit   '@ant-design/icons-svg': [ '4.4.2' ],
48 silly audit   '@ant-design/icons-vue': [ '7.0.1' ],
48 silly audit   '@antfu/utils': [ '0.7.10' ],
48 silly audit   '@babel/helper-string-parser': [ '7.24.8' ],
48 silly audit   '@babel/helper-validator-identifier': [ '7.24.7' ],
48 silly audit   '@babel/parser': [ '7.25.3' ],
48 silly audit   '@babel/runtime': [ '7.25.0' ],
48 silly audit   '@babel/types': [ '7.25.2' ],
48 silly audit   '@coders-tm/vue-number-format': [ '3.34.1' ],
48 silly audit   '@ctrl/tinycolor': [ '3.6.1' ],
48 silly audit   '@emotion/hash': [ '0.9.2' ],
48 silly audit   '@emotion/unitless': [ '0.8.1' ],
48 silly audit   '@esbuild/aix-ppc64': [ '0.19.12' ],
48 silly audit   '@esbuild/android-arm': [ '0.19.12' ],
48 silly audit   '@esbuild/android-arm64': [ '0.19.12' ],
48 silly audit   '@esbuild/android-x64': [ '0.19.12' ],
48 silly audit   '@esbuild/darwin-arm64': [ '0.19.12' ],
48 silly audit   '@esbuild/darwin-x64': [ '0.19.12' ],
48 silly audit   '@esbuild/freebsd-arm64': [ '0.19.12' ],
48 silly audit   '@esbuild/freebsd-x64': [ '0.19.12' ],
48 silly audit   '@esbuild/linux-arm': [ '0.19.12' ],
48 silly audit   '@esbuild/linux-arm64': [ '0.19.12' ],
48 silly audit   '@esbuild/linux-ia32': [ '0.19.12' ],
48 silly audit   '@esbuild/linux-loong64': [ '0.19.12' ],
48 silly audit   '@esbuild/linux-mips64el': [ '0.19.12' ],
48 silly audit   '@esbuild/linux-ppc64': [ '0.19.12' ],
48 silly audit   '@esbuild/linux-riscv64': [ '0.19.12' ],
48 silly audit   '@esbuild/linux-s390x': [ '0.19.12' ],
48 silly audit   '@esbuild/linux-x64': [ '0.19.12' ],
48 silly audit   '@esbuild/netbsd-x64': [ '0.19.12' ],
48 silly audit   '@esbuild/openbsd-x64': [ '0.19.12' ],
48 silly audit   '@esbuild/sunos-x64': [ '0.19.12' ],
48 silly audit   '@esbuild/win32-arm64': [ '0.19.12' ],
48 silly audit   '@esbuild/win32-ia32': [ '0.19.12' ],
48 silly audit   '@esbuild/win32-x64': [ '0.19.12' ],
48 silly audit   '@jridgewell/sourcemap-codec': [ '1.5.0' ],
48 silly audit   '@nodelib/fs.scandir': [ '2.1.5' ],
48 silly audit   '@nodelib/fs.stat': [ '2.0.5' ],
48 silly audit   '@nodelib/fs.walk': [ '1.2.8' ],
48 silly audit   '@rollup/pluginutils': [ '5.1.0' ],
48 silly audit   '@rollup/rollup-android-arm-eabi': [ '4.12.1' ],
48 silly audit   '@rollup/rollup-android-arm64': [ '4.12.1' ],
48 silly audit   '@rollup/rollup-darwin-arm64': [ '4.12.1' ],
48 silly audit   '@rollup/rollup-darwin-x64': [ '4.12.1' ],
48 silly audit   '@rollup/rollup-linux-arm-gnueabihf': [ '4.12.1' ],
48 silly audit   '@rollup/rollup-linux-arm64-gnu': [ '4.12.1' ],
48 silly audit   '@rollup/rollup-linux-arm64-musl': [ '4.12.1' ],
48 silly audit   '@rollup/rollup-linux-riscv64-gnu': [ '4.12.1' ],
48 silly audit   '@rollup/rollup-linux-x64-gnu': [ '4.12.1' ],
48 silly audit   '@rollup/rollup-linux-x64-musl': [ '4.12.1' ],
48 silly audit   '@rollup/rollup-win32-arm64-msvc': [ '4.12.1' ],
48 silly audit   '@rollup/rollup-win32-ia32-msvc': [ '4.12.1' ],
48 silly audit   '@rollup/rollup-win32-x64-msvc': [ '4.12.1' ],
48 silly audit   '@simonwep/pickr': [ '1.8.2' ],
48 silly audit   '@types/estree': [ '1.0.5' ],
48 silly audit   '@types/web-bluetooth': [ '0.0.20' ],
48 silly audit   '@vitejs/plugin-vue': [ '5.0.4' ],
48 silly audit   '@vue/compiler-core': [ '3.4.37' ],
48 silly audit   '@vue/compiler-dom': [ '3.4.37' ],
48 silly audit   '@vue/compiler-sfc': [ '3.4.37' ],
48 silly audit   '@vue/compiler-ssr': [ '3.4.37' ],
48 silly audit   '@vue/reactivity': [ '3.4.37' ],
48 silly audit   '@vue/runtime-core': [ '3.4.37' ],
48 silly audit   '@vue/runtime-dom': [ '3.4.37' ],
48 silly audit   '@vue/server-renderer': [ '3.4.37' ],
48 silly audit   '@vue/shared': [ '3.4.37' ],
48 silly audit   '@vueuse/components': [ '10.9.0' ],
48 silly audit   'vue-demi': [ '0.14.7' ],
48 silly audit   '@vueuse/core': [ '10.9.0' ],
48 silly audit   '@vueuse/metadata': [ '10.9.0' ],
48 silly audit   '@vueuse/shared': [ '10.9.0' ],
48 silly audit   acorn: [ '8.12.1' ],
48 silly audit   'ant-design-vue': [ '4.2.3' ],
48 silly audit   anymatch: [ '3.1.3' ],
48 silly audit   'array-tree-filter': [ '2.1.0' ],
48 silly audit   'async-validator': [ '4.2.5' ],
48 silly audit   asynckit: [ '0.4.0' ],
48 silly audit   axios: [ '1.6.7' ],
48 silly audit   'balanced-match': [ '1.0.2' ],
48 silly audit   'binary-extensions': [ '2.3.0' ],
48 silly audit   'brace-expansion': [ '2.0.1' ],
48 silly audit   braces: [ '3.0.3' ],
48 silly audit   chokidar: [ '3.6.0' ],
48 silly audit   'combined-stream': [ '1.0.8' ],
48 silly audit   'compute-scroll-into-view': [ '1.0.20' ],
48 silly audit   confbox: [ '0.1.7' ],
48 silly audit   'core-js': [ '3.38.0' ],
48 silly audit   csstype: [ '3.1.3' ],
48 silly audit   dayjs: [ '1.11.12' ],
48 silly audit   debug: [ '4.3.6' ],
48 silly audit   'delayed-stream': [ '1.0.0' ],
48 silly audit   'dom-align': [ '1.12.4' ],
48 silly audit   'dom-scroll-into-view': [ '2.0.1' ],
48 silly audit   entities: [ '5.0.0' ],
48 silly audit   esbuild: [ '0.19.12' ],
48 silly audit   'estree-walker': [ '2.0.2' ],
48 silly audit   'exec-sh': [ '0.2.2' ],
48 silly audit   'fast-glob': [ '3.3.2' ],
48 silly audit   fastq: [ '1.17.1' ],
48 silly audit   'fill-range': [ '7.1.1' ],
48 silly audit   'follow-redirects': [ '1.15.5' ],
48 silly audit   'form-data': [ '4.0.0' ],
48 silly audit   fsevents: [ '2.3.3' ],
48 silly audit   'glob-parent': [ '5.1.2' ],
48 silly audit   immutable: [ '4.3.7' ],
48 silly audit   'is-binary-path': [ '2.1.0' ],
48 silly audit   'is-extglob': [ '2.1.1' ],
48 silly audit   'is-glob': [ '4.0.3' ],
48 silly audit   'is-number': [ '7.0.0' ],
48 silly audit   'is-plain-object': [ '3.0.1' ],
48 silly audit   jquery: [ '3.7.1' ],
48 silly audit   'js-tokens': [ '4.0.0' ],
48 silly audit   'lang.js': [ '1.1.14' ],
48 silly audit   'laravel-vite-plugin': [ '1.0.2' ],
48 silly audit   'local-pkg': [ '0.5.0' ],
48 silly audit   lodash: [ '4.17.21' ],
48 silly audit   'lodash-es': [ '4.17.21' ],
48 silly audit   'loose-envify': [ '1.4.0' ],
48 silly audit   'magic-string': [ '0.30.11' ],
48 silly audit   merge: [ '1.2.1' ],
48 silly audit   merge2: [ '1.4.1' ],
48 silly audit   micromatch: [ '4.0.7' ],
48 silly audit   'mime-db': [ '1.52.0' ],
48 silly audit   'mime-types': [ '2.1.35' ],
48 silly audit   minimatch: [ '9.0.5' ],
48 silly audit   minimist: [ '1.2.8' ],
48 silly audit   mlly: [ '1.7.1' ],
48 silly audit   moment: [ '2.30.1' ],
48 silly audit   ms: [ '2.1.2' ],
48 silly audit   nanoid: [ '3.3.7' ],
48 silly audit   nanopop: [ '2.4.2' ],
48 silly audit   'normalize-path': [ '3.0.0' ],
48 silly audit   numeral: [ '2.0.6' ],
48 silly audit   pathe: [ '1.1.2' ],
48 silly audit   picocolors: [ '1.0.1' ],
48 silly audit   picomatch: [ '2.3.1' ],
48 silly audit   'pkg-types': [ '1.1.3' ],
48 silly audit   postcss: [ '8.4.41' ],
48 silly audit   'proxy-from-env': [ '1.1.0' ],
48 silly audit   'queue-microtask': [ '1.2.3' ],
48 silly audit   readdirp: [ '3.6.0' ],
48 silly audit   'regenerator-runtime': [ '0.14.1' ],
48 silly audit   'resize-observer-polyfill': [ '1.5.1' ],
48 silly audit   reusify: [ '1.0.4' ],
48 silly audit   rollup: [ '4.12.1' ],
48 silly audit   'run-parallel': [ '1.2.0' ],
48 silly audit   sass: [ '1.77.8' ],
48 silly audit   'scroll-into-view-if-needed': [ '2.2.31' ],
48 silly audit   'shallow-equal': [ '1.2.1' ],
48 silly audit   'source-map-js': [ '1.2.0' ],
48 silly audit   stylis: [ '4.3.2' ],
48 silly audit   'throttle-debounce': [ '5.0.2' ],
48 silly audit   'to-fast-properties': [ '2.0.0' ],
48 silly audit   'to-regex-range': [ '5.0.1' ],
48 silly audit   ufo: [ '1.5.4' ],
48 silly audit   unplugin: [ '1.12.1' ],
48 silly audit   'unplugin-vue-components': [ '0.27.3' ],
48 silly audit   'v-click-outside': [ '3.2.0' ],
48 silly audit   vite: [ '5.1.5' ],
48 silly audit   'vite-plugin-full-reload': [ '1.1.0' ],
48 silly audit   vue: [ '3.4.37' ],
48 silly audit   'vue-axios': [ '3.5.2' ],
48 silly audit   'vue-plugin-load-script': [ '2.1.1' ],
48 silly audit   'vue-router': [ '4.3.0' ],
48 silly audit   '@vue/devtools-api': [ '6.6.1' ],
48 silly audit   'vue-types': [ '3.0.2' ],
48 silly audit   'vue2-filters': [ '0.14.0' ],
48 silly audit   'vue3-filters': [ '3.0.1' ],
48 silly audit   warning: [ '4.0.3' ],
48 silly audit   watch: [ '1.0.2' ],
48 silly audit   'webpack-sources': [ '3.2.3' ],
48 silly audit   'webpack-virtual-modules': [ '0.6.2' ]
48 silly audit }
49 verbose reify failed optional dependency /var/www/tmp-frontend/node_modules/fsevents
50 silly reify mark deleted [ '/var/www/tmp-frontend/node_modules/fsevents' ]
51 verbose reify failed optional dependency /var/www/tmp-frontend/node_modules/@rollup/rollup-win32-x64-msvc
52 silly reify mark deleted [ '/var/www/tmp-frontend/node_modules/@rollup/rollup-win32-x64-msvc' ]
53 verbose reify failed optional dependency /var/www/tmp-frontend/node_modules/@rollup/rollup-win32-ia32-msvc
54 silly reify mark deleted [ '/var/www/tmp-frontend/node_modules/@rollup/rollup-win32-ia32-msvc' ]
55 verbose reify failed optional dependency /var/www/tmp-frontend/node_modules/@rollup/rollup-win32-arm64-msvc
56 silly reify mark deleted [
56 silly reify   '/var/www/tmp-frontend/node_modules/@rollup/rollup-win32-arm64-msvc'
56 silly reify ]
57 verbose reify failed optional dependency /var/www/tmp-frontend/node_modules/@rollup/rollup-linux-riscv64-gnu
58 silly reify mark deleted [
58 silly reify   '/var/www/tmp-frontend/node_modules/@rollup/rollup-linux-riscv64-gnu'
58 silly reify ]
59 verbose reify failed optional dependency /var/www/tmp-frontend/node_modules/@rollup/rollup-linux-arm64-musl
60 silly reify mark deleted [
60 silly reify   '/var/www/tmp-frontend/node_modules/@rollup/rollup-linux-arm64-musl'
60 silly reify ]
61 verbose reify failed optional dependency /var/www/tmp-frontend/node_modules/@rollup/rollup-linux-arm64-gnu
62 silly reify mark deleted [ '/var/www/tmp-frontend/node_modules/@rollup/rollup-linux-arm64-gnu' ]
63 verbose reify failed optional dependency /var/www/tmp-frontend/node_modules/@rollup/rollup-linux-arm-gnueabihf
64 silly reify mark deleted [
64 silly reify   '/var/www/tmp-frontend/node_modules/@rollup/rollup-linux-arm-gnueabihf'
64 silly reify ]
65 verbose reify failed optional dependency /var/www/tmp-frontend/node_modules/@rollup/rollup-darwin-x64
66 silly reify mark deleted [ '/var/www/tmp-frontend/node_modules/@rollup/rollup-darwin-x64' ]
67 verbose reify failed optional dependency /var/www/tmp-frontend/node_modules/@rollup/rollup-darwin-arm64
68 silly reify mark deleted [ '/var/www/tmp-frontend/node_modules/@rollup/rollup-darwin-arm64' ]
69 verbose reify failed optional dependency /var/www/tmp-frontend/node_modules/@rollup/rollup-android-arm64
70 silly reify mark deleted [ '/var/www/tmp-frontend/node_modules/@rollup/rollup-android-arm64' ]
71 verbose reify failed optional dependency /var/www/tmp-frontend/node_modules/@rollup/rollup-android-arm-eabi
72 silly reify mark deleted [
72 silly reify   '/var/www/tmp-frontend/node_modules/@rollup/rollup-android-arm-eabi'
72 silly reify ]
73 verbose reify failed optional dependency /var/www/tmp-frontend/node_modules/@esbuild/win32-x64
74 silly reify mark deleted [ '/var/www/tmp-frontend/node_modules/@esbuild/win32-x64' ]
75 verbose reify failed optional dependency /var/www/tmp-frontend/node_modules/@esbuild/win32-ia32
76 silly reify mark deleted [ '/var/www/tmp-frontend/node_modules/@esbuild/win32-ia32' ]
77 verbose reify failed optional dependency /var/www/tmp-frontend/node_modules/@esbuild/win32-arm64
78 silly reify mark deleted [ '/var/www/tmp-frontend/node_modules/@esbuild/win32-arm64' ]
79 verbose reify failed optional dependency /var/www/tmp-frontend/node_modules/@esbuild/sunos-x64
80 silly reify mark deleted [ '/var/www/tmp-frontend/node_modules/@esbuild/sunos-x64' ]
81 verbose reify failed optional dependency /var/www/tmp-frontend/node_modules/@esbuild/openbsd-x64
82 silly reify mark deleted [ '/var/www/tmp-frontend/node_modules/@esbuild/openbsd-x64' ]
83 verbose reify failed optional dependency /var/www/tmp-frontend/node_modules/@esbuild/netbsd-x64
84 silly reify mark deleted [ '/var/www/tmp-frontend/node_modules/@esbuild/netbsd-x64' ]
85 verbose reify failed optional dependency /var/www/tmp-frontend/node_modules/@esbuild/linux-s390x
86 silly reify mark deleted [ '/var/www/tmp-frontend/node_modules/@esbuild/linux-s390x' ]
87 verbose reify failed optional dependency /var/www/tmp-frontend/node_modules/@esbuild/linux-riscv64
88 silly reify mark deleted [ '/var/www/tmp-frontend/node_modules/@esbuild/linux-riscv64' ]
89 verbose reify failed optional dependency /var/www/tmp-frontend/node_modules/@esbuild/linux-ppc64
90 silly reify mark deleted [ '/var/www/tmp-frontend/node_modules/@esbuild/linux-ppc64' ]
91 verbose reify failed optional dependency /var/www/tmp-frontend/node_modules/@esbuild/linux-mips64el
92 silly reify mark deleted [ '/var/www/tmp-frontend/node_modules/@esbuild/linux-mips64el' ]
93 verbose reify failed optional dependency /var/www/tmp-frontend/node_modules/@esbuild/linux-loong64
94 silly reify mark deleted [ '/var/www/tmp-frontend/node_modules/@esbuild/linux-loong64' ]
95 verbose reify failed optional dependency /var/www/tmp-frontend/node_modules/@esbuild/linux-ia32
96 silly reify mark deleted [ '/var/www/tmp-frontend/node_modules/@esbuild/linux-ia32' ]
97 verbose reify failed optional dependency /var/www/tmp-frontend/node_modules/@esbuild/linux-arm64
98 silly reify mark deleted [ '/var/www/tmp-frontend/node_modules/@esbuild/linux-arm64' ]
99 verbose reify failed optional dependency /var/www/tmp-frontend/node_modules/@esbuild/linux-arm
100 silly reify mark deleted [ '/var/www/tmp-frontend/node_modules/@esbuild/linux-arm' ]
101 verbose reify failed optional dependency /var/www/tmp-frontend/node_modules/@esbuild/freebsd-x64
102 silly reify mark deleted [ '/var/www/tmp-frontend/node_modules/@esbuild/freebsd-x64' ]
103 verbose reify failed optional dependency /var/www/tmp-frontend/node_modules/@esbuild/freebsd-arm64
104 silly reify mark deleted [ '/var/www/tmp-frontend/node_modules/@esbuild/freebsd-arm64' ]
105 verbose reify failed optional dependency /var/www/tmp-frontend/node_modules/@esbuild/darwin-x64
106 silly reify mark deleted [ '/var/www/tmp-frontend/node_modules/@esbuild/darwin-x64' ]
107 verbose reify failed optional dependency /var/www/tmp-frontend/node_modules/@esbuild/darwin-arm64
108 silly reify mark deleted [ '/var/www/tmp-frontend/node_modules/@esbuild/darwin-arm64' ]
109 verbose reify failed optional dependency /var/www/tmp-frontend/node_modules/@esbuild/android-x64
110 silly reify mark deleted [ '/var/www/tmp-frontend/node_modules/@esbuild/android-x64' ]
111 verbose reify failed optional dependency /var/www/tmp-frontend/node_modules/@esbuild/android-arm64
112 silly reify mark deleted [ '/var/www/tmp-frontend/node_modules/@esbuild/android-arm64' ]
113 verbose reify failed optional dependency /var/www/tmp-frontend/node_modules/@esbuild/android-arm
114 silly reify mark deleted [ '/var/www/tmp-frontend/node_modules/@esbuild/android-arm' ]
115 verbose reify failed optional dependency /var/www/tmp-frontend/node_modules/@esbuild/aix-ppc64
116 silly reify mark deleted [ '/var/www/tmp-frontend/node_modules/@esbuild/aix-ppc64' ]
117 timing reifyNode:node_modules/fsevents Completed in 130ms
118 timing reifyNode:node_modules/@rollup/rollup-win32-x64-msvc Completed in 126ms
119 timing reifyNode:node_modules/@rollup/rollup-win32-ia32-msvc Completed in 126ms
120 timing reifyNode:node_modules/@rollup/rollup-win32-arm64-msvc Completed in 126ms
121 timing reifyNode:node_modules/@rollup/rollup-linux-riscv64-gnu Completed in 127ms
122 timing reifyNode:node_modules/@rollup/rollup-linux-arm64-musl Completed in 127ms
123 timing reifyNode:node_modules/@rollup/rollup-linux-arm64-gnu Completed in 127ms
124 timing reifyNode:node_modules/@rollup/rollup-linux-arm-gnueabihf Completed in 127ms
125 timing reifyNode:node_modules/@rollup/rollup-darwin-x64 Completed in 128ms
126 timing reifyNode:node_modules/@rollup/rollup-darwin-arm64 Completed in 128ms
127 timing reifyNode:node_modules/@rollup/rollup-android-arm64 Completed in 128ms
128 timing reifyNode:node_modules/@rollup/rollup-android-arm-eabi Completed in 128ms
129 timing reifyNode:node_modules/@esbuild/win32-x64 Completed in 127ms
130 timing reifyNode:node_modules/@esbuild/win32-ia32 Completed in 127ms
131 timing reifyNode:node_modules/@esbuild/win32-arm64 Completed in 127ms
132 timing reifyNode:node_modules/@esbuild/sunos-x64 Completed in 127ms
133 timing reifyNode:node_modules/@esbuild/openbsd-x64 Completed in 128ms
134 timing reifyNode:node_modules/@esbuild/netbsd-x64 Completed in 128ms
135 timing reifyNode:node_modules/@esbuild/linux-s390x Completed in 128ms
136 timing reifyNode:node_modules/@esbuild/linux-riscv64 Completed in 128ms
137 timing reifyNode:node_modules/@esbuild/linux-ppc64 Completed in 127ms
138 timing reifyNode:node_modules/@esbuild/linux-mips64el Completed in 127ms
139 timing reifyNode:node_modules/@esbuild/linux-loong64 Completed in 121ms
140 timing reifyNode:node_modules/@esbuild/linux-ia32 Completed in 121ms
141 timing reifyNode:node_modules/@esbuild/linux-arm64 Completed in 121ms
142 timing reifyNode:node_modules/@esbuild/linux-arm Completed in 121ms
143 timing reifyNode:node_modules/@esbuild/freebsd-x64 Completed in 121ms
144 timing reifyNode:node_modules/@esbuild/freebsd-arm64 Completed in 121ms
145 timing reifyNode:node_modules/@esbuild/darwin-x64 Completed in 121ms
146 timing reifyNode:node_modules/@esbuild/darwin-arm64 Completed in 121ms
147 timing reifyNode:node_modules/@esbuild/android-x64 Completed in 121ms
148 timing reifyNode:node_modules/@esbuild/android-arm64 Completed in 122ms
149 timing reifyNode:node_modules/@esbuild/android-arm Completed in 122ms
150 timing reifyNode:node_modules/@esbuild/aix-ppc64 Completed in 122ms
151 http fetch POST 200 https://registry.npmjs.org/-/npm/v1/security/advisories/bulk 2863ms
152 timing auditReport:getReport Completed in 2872ms
153 silly audit report {
153 silly audit report   '@babel/runtime': [
153 silly audit report     {
153 silly audit report       id: 1103025,
153 silly audit report       url: 'https://github.com/advisories/GHSA-968p-4wvh-cqc8',
153 silly audit report       title: 'Babel has inefficient RexExp complexity in generated code with .replace when transpiling named capturing groups',
153 silly audit report       severity: 'moderate',
153 silly audit report       vulnerable_versions: '<7.26.10',
153 silly audit report       cwe: [Array],
153 silly audit report       cvss: [Object]
153 silly audit report     }
153 silly audit report   ],
153 silly audit report   axios: [
153 silly audit report     {
153 silly audit report       id: 1102472,
153 silly audit report       url: 'https://github.com/advisories/GHSA-jr5f-v2jv-69x6',
153 silly audit report       title: 'axios Requests Vulnerable To Possible SSRF and Credential Leakage via Absolute URL',
153 silly audit report       severity: 'high',
153 silly audit report       vulnerable_versions: '<1.8.2',
153 silly audit report       cwe: [Array],
153 silly audit report       cvss: [Object]
153 silly audit report     },
153 silly audit report     {
153 silly audit report       id: 1098583,
153 silly audit report       url: 'https://github.com/advisories/GHSA-8hc4-vh64-cxmj',
153 silly audit report       title: 'Server-Side Request Forgery in axios',
153 silly audit report       severity: 'high',
153 silly audit report       vulnerable_versions: '>=1.3.2 <=1.7.3',
153 silly audit report       cwe: [Array],
153 silly audit report       cvss: [Object]
153 silly audit report     }
153 silly audit report   ],
153 silly audit report   esbuild: [
153 silly audit report     {
153 silly audit report       id: 1102341,
153 silly audit report       url: 'https://github.com/advisories/GHSA-67mh-4wv8-2f99',
153 silly audit report       title: 'esbuild enables any website to send any requests to the development server and read the response',
153 silly audit report       severity: 'moderate',
153 silly audit report       vulnerable_versions: '<=0.24.2',
153 silly audit report       cwe: [Array],
153 silly audit report       cvss: [Object]
153 silly audit report     }
153 silly audit report   ],
153 silly audit report   'follow-redirects': [
153 silly audit report     {
153 silly audit report       id: 1096856,
153 silly audit report       url: 'https://github.com/advisories/GHSA-cxjh-pqwp-8mfp',
153 silly audit report       title: "follow-redirects' Proxy-Authorization header kept across hosts",
153 silly audit report       severity: 'moderate',
153 silly audit report       vulnerable_versions: '<=1.15.5',
153 silly audit report       cwe: [Array],
153 silly audit report       cvss: [Object]
153 silly audit report     }
153 silly audit report   ],
153 silly audit report   merge: [
153 silly audit report     {
153 silly audit report       id: 1096479,
153 silly audit report       url: 'https://github.com/advisories/GHSA-7wpw-2hjm-89gp',
153 silly audit report       title: 'Prototype Pollution in merge',
153 silly audit report       severity: 'high',
153 silly audit report       vulnerable_versions: '<2.1.1',
153 silly audit report       cwe: [Array],
153 silly audit report       cvss: [Object]
153 silly audit report     }
153 silly audit report   ],
153 silly audit report   micromatch: [
153 silly audit report     {
153 silly audit report       id: 1098681,
153 silly audit report       url: 'https://github.com/advisories/GHSA-952p-6rrq-rcjv',
153 silly audit report       title: 'Regular Expression Denial of Service (ReDoS) in micromatch',
153 silly audit report       severity: 'moderate',
153 silly audit report       vulnerable_versions: '<4.0.8',
153 silly audit report       cwe: [Array],
153 silly audit report       cvss: [Object]
153 silly audit report     }
153 silly audit report   ],
153 silly audit report   nanoid: [
153 silly audit report     {
153 silly audit report       id: 1101163,
153 silly audit report       url: 'https://github.com/advisories/GHSA-mwcw-c2x4-8c55',
153 silly audit report       title: 'Predictable results in nanoid generation when given non-integer values',
153 silly audit report       severity: 'moderate',
153 silly audit report       vulnerable_versions: '<3.3.8',
153 silly audit report       cwe: [Array],
153 silly audit report       cvss: [Object]
153 silly audit report     }
153 silly audit report   ],
153 silly audit report   rollup: [
153 silly audit report     {
153 silly audit report       id: 1099764,
153 silly audit report       url: 'https://github.com/advisories/GHSA-gcx4-mw62-g8wm',
153 silly audit report       title: 'DOM Clobbering Gadget found in rollup bundled scripts that leads to XSS',
153 silly audit report       severity: 'high',
153 silly audit report       vulnerable_versions: '>=4.0.0 <4.22.4',
153 silly audit report       cwe: [Array],
153 silly audit report       cvss: [Object]
153 silly audit report     }
153 silly audit report   ],
153 silly audit report   vite: [
153 silly audit report     {
153 silly audit report       id: 1099687,
153 silly audit report       url: 'https://github.com/advisories/GHSA-9cwx-2883-4wfx',
153 silly audit report       title: "Vite's `server.fs.deny` is bypassed when using `?import&raw`",
153 silly audit report       severity: 'moderate',
153 silly audit report       vulnerable_versions: '>=5.0.0 <=5.1.7',
153 silly audit report       cwe: [Array],
153 silly audit report       cvss: [Object]
153 silly audit report     },
153 silly audit report     {
153 silly audit report       id: 1099689,
153 silly audit report       url: 'https://github.com/advisories/GHSA-64vr-g452-qvp3',
153 silly audit report       title: 'Vite DOM Clobbering gadget found in vite bundled scripts that leads to XSS',
153 silly audit report       severity: 'moderate',
153 silly audit report       vulnerable_versions: '>=5.0.0 <5.1.8',
153 silly audit report       cwe: [Array],
153 silly audit report       cvss: [Object]
153 silly audit report     },
153 silly audit report     {
153 silly audit report       id: 1102437,
153 silly audit report       url: 'https://github.com/advisories/GHSA-vg6x-rcgg-rjx6',
153 silly audit report       title: 'Websites were able to send any requests to the development server and read the response in vite',
153 silly audit report       severity: 'moderate',
153 silly audit report       vulnerable_versions: '>=5.0.0 <=5.4.11',
153 silly audit report       cwe: [Array],
153 silly audit report       cvss: [Object]
153 silly audit report     },
153 silly audit report     {
153 silly audit report       id: 1096893,
153 silly audit report       url: 'https://github.com/advisories/GHSA-8jhw-289h-jh2g',
153 silly audit report       title: "Vite's `server.fs.deny` did not deny requests for patterns with directories.",
153 silly audit report       severity: 'moderate',
153 silly audit report       vulnerable_versions: '>=5.1.0 <=5.1.6',
153 silly audit report       cwe: [Array],
153 silly audit report       cvss: [Object]
153 silly audit report     }
153 silly audit report   ]
153 silly audit report }
154 timing reifyNode:node_modules/is-number Completed in 3053ms
155 timing reifyNode:node_modules/is-extglob Completed in 3068ms
156 timing reifyNode:node_modules/run-parallel Completed in 3073ms
157 timing reifyNode:node_modules/normalize-path Completed in 3072ms
158 timing reifyNode:node_modules/ms Completed in 3074ms
159 timing reifyNode:node_modules/merge2 Completed in 3074ms
160 timing reifyNode:node_modules/fill-range Completed in 3074ms
161 timing reifyNode:node_modules/is-glob Completed in 3077ms
162 timing reifyNode:node_modules/is-binary-path Completed in 3077ms
163 timing reifyNode:node_modules/glob-parent Completed in 3077ms
164 timing reifyNode:node_modules/to-fast-properties Completed in 3080ms
165 timing reifyNode:node_modules/@types/web-bluetooth Completed in 3075ms
166 timing reifyNode:node_modules/anymatch Completed in 3076ms
167 timing reifyNode:node_modules/warning Completed in 3086ms
168 timing reifyNode:node_modules/vue-plugin-load-script Completed in 3087ms
169 timing reifyNode:node_modules/to-regex-range Completed in 3086ms
170 timing reifyNode:node_modules/queue-microtask Completed in 3087ms
171 timing reifyNode:node_modules/array-tree-filter Completed in 3083ms
172 timing reifyNode:node_modules/js-tokens Completed in 3092ms
173 timing reifyNode:node_modules/is-plain-object Completed in 3093ms
174 timing reifyNode:node_modules/combined-stream Completed in 3091ms
175 timing reifyNode:node_modules/balanced-match Completed in 3105ms
176 timing reifyNode:node_modules/brace-expansion Completed in 3106ms
177 timing reifyNode:node_modules/micromatch Completed in 3110ms
178 timing reifyNode:node_modules/merge Completed in 3110ms
179 timing reifyNode:node_modules/delayed-stream Completed in 3115ms
180 timing reifyNode:node_modules/vue-axios Completed in 3122ms
181 timing reifyNode:node_modules/readdirp Completed in 3124ms
182 timing reifyNode:node_modules/regenerator-runtime Completed in 3124ms
183 timing reifyNode:node_modules/picocolors Completed in 3123ms
184 timing reifyNode:node_modules/binary-extensions Completed in 3120ms
185 timing reifyNode:node_modules/mime-types Completed in 3125ms
186 timing reifyNode:node_modules/@types/estree Completed in 3123ms
187 timing reifyNode:node_modules/follow-redirects Completed in 3127ms
188 timing metavuln:cache:get:security-advisory:micromatch:TlYHmS8BZBwkbsPHbTfH2/e91KJnOnqfC63ZoKdiRy+yt6biPd8BwjBdyfPUht1+ZO675I3Gg00RQPYaWiOm8Q== Completed in 239ms
189 timing metavuln:cache:get:security-advisory:axios:A8udLrZcWN+DjwMEb6fshdN5n5UqnCxbUOi3f6updLXGwKik6oGDcb5NO4lCNOiL70Sj6OLiRrZ1dDDD3Cx4zQ== Completed in 247ms
190 timing metavuln:cache:get:security-advisory:axios:4S5/2vnNOr176OAENhlnTM27cDGbeorlVQNOFxS6UGp4SH8mWhMBlGN31jmI8wVL1VIQ5MwMgvx/yd71vtfLXg== Completed in 258ms
191 timing reifyNode:node_modules/loose-envify Completed in 3134ms
192 timing reifyNode:node_modules/debug Completed in 3134ms
193 timing metavuln:cache:get:security-advisory:@babel/runtime:sM8ers6hW/JQp1+gzQrsr5AhMz03oiFBgSB5NjH5KrS28htUAfKCn2iKoVL9aQ3bHd7xl0DudxAcbuXYg9Zmpw== Completed in 277ms
194 timing metavuln:cache:get:security-advisory:nanoid:SQKCup8sGN0ajTqJBTsmG5DRPm6VNoYvtYEU3+oEs0yS1Zc7yA0hMKDHq2B0BcWlfg4+DAnmY2WgCYvhDtBgkA== Completed in 247ms
195 timing metavuln:cache:get:security-advisory:follow-redirects:rD8yi3a8mVyeNvoX3wItq4e+Oa65QVDtc8KKes6VfIYPKX53VkWnOuxGYgUihdiwlz4i5mjg4yX/2qVYafhjyA== Completed in 251ms
196 timing metavuln:cache:get:security-advisory:merge:cLIYHBEwzxSJlbqNwIejLFnyoA2DlDKxdTUntlWwUMEVGIMMRds0mejYS2pnp6ahZdu5UOxz1lXR0sN1P6r4oA== Completed in 250ms
197 timing metavuln:cache:get:security-advisory:esbuild:jKdCIzePj7J1488qgRXvF8Srh9wutSuR1exB8YooNX62hT+qhtrUXYbArLNoIhgwbaCqKpmduh18syZU7BR9SA== Completed in 256ms
198 timing metavuln:cache:get:security-advisory:rollup:fx2mwW36ArsLNNmiCYB2B+AioGAybj/5LWtUwwvmGyInFZ6/vL0v1Nj7nOKaZ8VRGTg3WWTVF3fC78x08j3XPw== Completed in 248ms
199 timing metavuln:cache:get:security-advisory:vite:GGS4l/DheNMeNXPO8HMwGN6UQthBycD4/hs1yuq9Lm7CU86d4zxwD68X98EKmxZHDJt7f5XLzy+ny3X86THomA== Completed in 245ms
200 timing metavuln:cache:get:security-advisory:vite:9cw7nYcYvgpWgfXhYKxEW98z85TrlzpXuArQcs4F6sQb/YExCTXLzg6t80y05Y1mOX6+Wn6C8VgAAHheudFtoA== Completed in 244ms
201 timing metavuln:cache:get:security-advisory:vite:kKZ+4YTG/aFYuD06GfZ6y7DekhAUvC2q0WQcQIQK3ofL8BxXIPAIcfosDU47rgQdnN8AwE9BX3iBE3iJXtAwdA== Completed in 243ms
202 timing metavuln:cache:get:security-advisory:vite:K8U4YG8NrWjUdyj1QEXyfGJ4B2j67kJ4+Eyx57PfYC67C4mAIpplP95rKnJJs5Otnxv5RFCnIMixAFx2d5FO/g== Completed in 243ms
203 timing reifyNode:node_modules/@babel/helper-string-parser Completed in 3134ms
204 timing reifyNode:node_modules/form-data Completed in 3161ms
205 timing reifyNode:node_modules/shallow-equal Completed in 3171ms
206 timing reifyNode:node_modules/@vue/compiler-ssr Completed in 3171ms
207 timing reifyNode:node_modules/@coders-tm/vue-number-format Completed in 3166ms
208 timing reifyNode:node_modules/vite-plugin-full-reload Completed in 3185ms
209 timing reifyNode:node_modules/reusify Completed in 3186ms
210 timing reifyNode:node_modules/proxy-from-env Completed in 3186ms
211 timing reifyNode:node_modules/local-pkg Completed in 3185ms
212 timing reifyNode:node_modules/@ant-design/colors Completed in 3183ms
213 timing reifyNode:node_modules/exec-sh Completed in 3198ms
214 timing reifyNode:node_modules/@vue/shared Completed in 3243ms
215 timing reifyNode:node_modules/scroll-into-view-if-needed Completed in 3276ms
216 timing reifyNode:node_modules/braces Completed in 3272ms
217 timing reifyNode:node_modules/chokidar Completed in 3281ms
218 timing reifyNode:node_modules/pkg-types Completed in 3292ms
219 timing reifyNode:node_modules/v-click-outside Completed in 3303ms
220 timing reifyNode:node_modules/@babel/helper-validator-identifier Completed in 3293ms
221 http fetch GET 200 https://registry.npmjs.org/merge 425ms (cache hit)
222 timing metavuln:packument:merge Completed in 427ms
223 timing metavuln:load:security-advisory:merge:1096479 Completed in 1ms
224 timing metavuln:calculate:security-advisory:merge:1096479 Completed in 428ms
225 http fetch GET 200 https://registry.npmjs.org/@babel%2fruntime 447ms (cache hit)
226 timing metavuln:packument:@babel/runtime Completed in 457ms
227 timing metavuln:load:security-advisory:@babel/runtime:1103025 Completed in 2ms
228 timing metavuln:calculate:security-advisory:@babel/runtime:1103025 Completed in 463ms
229 http fetch GET 200 https://registry.npmjs.org/axios 451ms (cache hit)
230 timing metavuln:packument:axios Completed in 455ms
231 timing metavuln:load:security-advisory:axios:1102472 Completed in 2ms
232 timing metavuln:calculate:security-advisory:axios:1102472 Completed in 458ms
233 timing metavuln:load:security-advisory:axios:1098583 Completed in 1ms
234 timing metavuln:calculate:security-advisory:axios:1098583 Completed in 448ms
235 http fetch GET 200 https://registry.npmjs.org/esbuild 446ms (cache hit)
236 timing metavuln:packument:esbuild Completed in 461ms
237 timing metavuln:load:security-advisory:esbuild:1102341 Completed in 6ms
238 timing metavuln:calculate:security-advisory:esbuild:1102341 Completed in 468ms
239 http fetch GET 200 https://registry.npmjs.org/micromatch 466ms (cache hit)
240 timing metavuln:packument:micromatch Completed in 469ms
241 timing metavuln:load:security-advisory:micromatch:1098681 Completed in 1ms
242 timing metavuln:calculate:security-advisory:micromatch:1098681 Completed in 470ms
243 http fetch GET 200 https://registry.npmjs.org/follow-redirects 473ms (cache hit)
244 timing metavuln:packument:follow-redirects Completed in 474ms
245 timing metavuln:load:security-advisory:follow-redirects:1096856 Completed in 0ms
246 timing metavuln:calculate:security-advisory:follow-redirects:1096856 Completed in 475ms
247 timing reifyNode:node_modules/picomatch Completed in 3365ms
248 http fetch GET 200 https://registry.npmjs.org/nanoid 475ms (cache hit)
249 timing metavuln:packument:nanoid Completed in 485ms
250 timing metavuln:load:security-advisory:nanoid:1101163 Completed in 1ms
251 timing metavuln:calculate:security-advisory:nanoid:1101163 Completed in 489ms
252 http fetch GET 200 https://registry.npmjs.org/rollup 493ms (cache hit)
253 timing metavuln:packument:rollup Completed in 530ms
254 timing metavuln:load:security-advisory:rollup:1099764 Completed in 12ms
255 timing metavuln:calculate:security-advisory:rollup:1099764 Completed in 543ms
256 timing reifyNode:node_modules/laravel-vite-plugin Completed in 3439ms
257 http fetch GET 200 https://registry.npmjs.org/vite 548ms (cache hit)
258 timing metavuln:packument:vite Completed in 583ms
259 timing metavuln:load:security-advisory:vite:1099687 Completed in 9ms
260 timing metavuln:calculate:security-advisory:vite:1099687 Completed in 593ms
261 timing metavuln:load:security-advisory:vite:1099689 Completed in 4ms
262 timing metavuln:calculate:security-advisory:vite:1099689 Completed in 595ms
263 timing metavuln:load:security-advisory:vite:1102437 Completed in 3ms
264 timing metavuln:calculate:security-advisory:vite:1102437 Completed in 598ms
265 timing metavuln:load:security-advisory:vite:1096893 Completed in 5ms
266 timing metavuln:calculate:security-advisory:vite:1096893 Completed in 602ms
267 timing reifyNode:node_modules/webpack-virtual-modules Completed in 3531ms
268 timing reifyNode:node_modules/@antfu/utils Completed in 3513ms
269 timing reifyNode:node_modules/watch Completed in 3534ms
270 timing reifyNode:node_modules/mime-db Completed in 3530ms
271 timing reifyNode:node_modules/esbuild Completed in 3529ms
272 timing reifyNode:node_modules/compute-scroll-into-view Completed in 3528ms
273 timing reifyNode:node_modules/pathe Completed in 3536ms
274 timing reifyNode:node_modules/ufo Completed in 3544ms
275 timing reifyNode:node_modules/dom-scroll-into-view Completed in 3540ms
276 timing reifyNode:node_modules/@emotion/hash Completed in 3537ms
277 timing reifyNode:node_modules/@vueuse/metadata Completed in 3550ms
278 timing reifyNode:node_modules/throttle-debounce Completed in 3561ms
279 timing reifyNode:node_modules/asynckit Completed in 3559ms
280 timing reifyNode:node_modules/fastq Completed in 3570ms
281 timing reifyNode:node_modules/@rollup/pluginutils Completed in 3566ms
282 timing reifyNode:node_modules/@vitejs/plugin-vue Completed in 3568ms
283 timing reifyNode:node_modules/nanopop Completed in 3573ms
284 timing reifyNode:node_modules/@jridgewell/sourcemap-codec Completed in 3566ms
285 timing reifyNode:node_modules/@emotion/unitless Completed in 3561ms
286 timing reifyNode:node_modules/mlly Completed in 3577ms
287 timing reifyNode:node_modules/dom-align Completed in 3578ms
288 timing reifyNode:node_modules/@nodelib/fs.stat Completed in 3577ms
289 timing reifyNode:node_modules/estree-walker Completed in 3594ms
290 timing reifyNode:node_modules/@vue/reactivity Completed in 3595ms
291 timing metavuln:cache:get:security-advisory:ant-design-vue:X1ZGtz1Mj3Egv+jzQJqTB1oOCBj4cvHD/5tfNBcbexK6KefSRJIQ3U649Fd0NNgG6wMkArOdihTM+XlMDF3ylQ== Completed in 95ms
292 timing reifyNode:node_modules/@vueuse/shared Completed in 3615ms
293 timing reifyNode:node_modules/source-map-js Completed in 3630ms
294 timing reifyNode:node_modules/nanoid Completed in 3647ms
295 timing reifyNode:node_modules/@vueuse/components Completed in 3649ms
296 timing reifyNode:node_modules/@vueuse/components/node_modules/vue-demi Completed in 3653ms
297 timing reifyNode:node_modules/@nodelib/fs.scandir Completed in 3654ms
298 timing reifyNode:node_modules/@vueuse/core/node_modules/vue-demi Completed in 3656ms
299 timing reifyNode:node_modules/@vueuse/shared/node_modules/vue-demi Completed in 3657ms
300 timing reifyNode:node_modules/minimist Completed in 3670ms
301 timing reifyNode:node_modules/stylis Completed in 3678ms
302 timing reifyNode:node_modules/@vue/server-renderer Completed in 3694ms
303 timing reifyNode:node_modules/@nodelib/fs.walk Completed in 3693ms
304 timing reifyNode:node_modules/webpack-sources Completed in 3707ms
305 timing reifyNode:node_modules/resize-observer-polyfill Completed in 3719ms
306 http fetch GET 200 https://registry.npmjs.org/ant-design-vue 215ms (cache hit)
307 timing metavuln:packument:ant-design-vue Completed in 246ms
308 timing metavuln:load:security-advisory:ant-design-vue:sM8ers6hW/JQp1+gzQrsr5AhMz03oiFBgSB5NjH5KrS28htUAfKCn2iKoVL9aQ3bHd7xl0DudxAcbuXYg9Zmpw== Completed in 2ms
309 timing metavuln:calculate:security-advisory:ant-design-vue:sM8ers6hW/JQp1+gzQrsr5AhMz03oiFBgSB5NjH5KrS28htUAfKCn2iKoVL9aQ3bHd7xl0DudxAcbuXYg9Zmpw== Completed in 249ms
310 timing reifyNode:node_modules/lang.js Completed in 3765ms
311 timing reifyNode:node_modules/unplugin Completed in 3814ms
312 timing reifyNode:node_modules/magic-string Completed in 3822ms
313 timing reifyNode:node_modules/acorn Completed in 3824ms
314 timing metavuln:cache:get:security-advisory:vue-axios:oogGAszCW8Jp+EMNHZPeynZBXYGZlN5Zj0YCbP4h3ojoXcL256lW4sGfykBQDg6qKOefQLTk+ziVQXZsjkZNow== Completed in 80ms
315 timing reifyNode:node_modules/@vue/compiler-core Completed in 3852ms
316 timing reifyNode:node_modules/immutable Completed in 3879ms
317 timing reifyNode:node_modules/@vue/compiler-dom Completed in 3905ms
318 http fetch GET 200 https://registry.npmjs.org/vue-axios 150ms (cache hit)
319 timing metavuln:packument:vue-axios Completed in 151ms
320 timing metavuln:load:security-advisory:vue-axios:4S5/2vnNOr176OAENhlnTM27cDGbeorlVQNOFxS6UGp4SH8mWhMBlGN31jmI8wVL1VIQ5MwMgvx/yd71vtfLXg== Completed in 2ms
321 timing metavuln:calculate:security-advisory:vue-axios:4S5/2vnNOr176OAENhlnTM27cDGbeorlVQNOFxS6UGp4SH8mWhMBlGN31jmI8wVL1VIQ5MwMgvx/yd71vtfLXg== Completed in 154ms
322 timing reifyNode:node_modules/@vue/runtime-core Completed in 3916ms
323 timing reifyNode:node_modules/vue2-filters Completed in 3928ms
324 timing reifyNode:node_modules/vue-router/node_modules/@vue/devtools-api Completed in 3946ms
325 timing reifyNode:node_modules/async-validator Completed in 3967ms
326 timing reifyNode:node_modules/vue3-filters Completed in 3991ms
327 timing metavuln:cache:get:security-advisory:vite:tMBsdAS7JBTyRORp0YaJR984WAAsOxgmReSLBN0Nd41GhzEakjROICqAJ31iOdYG5Ijo/MlJ01p3ig1iN88+Tw== Completed in 92ms
328 timing metavuln:load:security-advisory:vite:jKdCIzePj7J1488qgRXvF8Srh9wutSuR1exB8YooNX62hT+qhtrUXYbArLNoIhgwbaCqKpmduh18syZU7BR9SA== Completed in 15ms
329 timing metavuln:calculate:security-advisory:vite:jKdCIzePj7J1488qgRXvF8Srh9wutSuR1exB8YooNX62hT+qhtrUXYbArLNoIhgwbaCqKpmduh18syZU7BR9SA== Completed in 107ms
330 timing reifyNode:node_modules/confbox Completed in 4025ms
331 timing reifyNode:node_modules/@ctrl/tinycolor Completed in 4015ms
332 timing reifyNode:node_modules/vue-router Completed in 4081ms
333 timing metavuln:cache:get:security-advisory:axios:g0cPY/YCyfNQBQc5xvX1Rv/Pnu+Abo/9VYnXr0kknl/D4PDAveHfq5W15La0QmuOhFzr048GUEXk5y2rJeaRNw== Completed in 80ms
334 timing metavuln:load:security-advisory:axios:rD8yi3a8mVyeNvoX3wItq4e+Oa65QVDtc8KKes6VfIYPKX53VkWnOuxGYgUihdiwlz4i5mjg4yX/2qVYafhjyA== Completed in 1ms
335 timing metavuln:calculate:security-advisory:axios:rD8yi3a8mVyeNvoX3wItq4e+Oa65QVDtc8KKes6VfIYPKX53VkWnOuxGYgUihdiwlz4i5mjg4yX/2qVYafhjyA== Completed in 81ms
336 timing reifyNode:node_modules/unplugin-vue-components Completed in 4114ms
337 timing reifyNode:node_modules/postcss Completed in 4122ms
338 timing reifyNode:node_modules/vue-types Completed in 4130ms
339 timing reifyNode:node_modules/csstype Completed in 4142ms
340 timing reifyNode:node_modules/@vue/runtime-dom Completed in 4148ms
341 timing metavuln:cache:get:security-advisory:exec-sh:dq1/Whp0QKneb/FY0AMvmLrBvimjK7/RUjHSGPwNR1JSyU3UESg0O81XTH5XTRpTf+sZha3VP7IifhzT+NtvYw== Completed in 62ms
342 timing reifyNode:node_modules/fast-glob Completed in 4174ms
343 timing reifyNode:node_modules/minimatch Completed in 4213ms
344 http fetch GET 200 https://registry.npmjs.org/exec-sh 157ms (cache hit)
345 timing metavuln:packument:exec-sh Completed in 158ms
346 timing metavuln:load:security-advisory:exec-sh:cLIYHBEwzxSJlbqNwIejLFnyoA2DlDKxdTUntlWwUMEVGIMMRds0mejYS2pnp6ahZdu5UOxz1lXR0sN1P6r4oA== Completed in 0ms
347 timing metavuln:calculate:security-advisory:exec-sh:cLIYHBEwzxSJlbqNwIejLFnyoA2DlDKxdTUntlWwUMEVGIMMRds0mejYS2pnp6ahZdu5UOxz1lXR0sN1P6r4oA== Completed in 158ms
348 timing metavuln:cache:get:security-advisory:fast-glob:AbqaRkH/ah2E63AlsHQoSe4rzDu85g3nQo2oOGK8mDPpx8ODN4CyFz62hpRucknVgKWSODuNhHcd4w2oWa9y3w== Completed in 52ms
349 timing reifyNode:node_modules/@vueuse/core Completed in 4314ms
350 http fetch GET 200 https://registry.npmjs.org/fast-glob 94ms (cache hit)
351 timing metavuln:packument:fast-glob Completed in 99ms
352 timing metavuln:load:security-advisory:fast-glob:TlYHmS8BZBwkbsPHbTfH2/e91KJnOnqfC63ZoKdiRy+yt6biPd8BwjBdyfPUht1+ZO675I3Gg00RQPYaWiOm8Q== Completed in 1ms
353 timing metavuln:calculate:security-advisory:fast-glob:TlYHmS8BZBwkbsPHbTfH2/e91KJnOnqfC63ZoKdiRy+yt6biPd8BwjBdyfPUht1+ZO675I3Gg00RQPYaWiOm8Q== Completed in 100ms
354 timing metavuln:cache:get:security-advisory:postcss:KRlvwonx2tnkfQEzD0AbrMLur2acf8cfQYiBufqS9KclzvETUfaot1QtSY2LVaU+o4xSSr0UqIoIwcXwg3grVg== Completed in 19ms
355 timing reifyNode:node_modules/@simonwep/pickr Completed in 4383ms
356 timing reifyNode:node_modules/@babel/parser Completed in 4385ms
357 http fetch GET 200 https://registry.npmjs.org/postcss 43ms (cache hit)
358 timing metavuln:packument:postcss Completed in 49ms
359 timing metavuln:load:security-advisory:postcss:SQKCup8sGN0ajTqJBTsmG5DRPm6VNoYvtYEU3+oEs0yS1Zc7yA0hMKDHq2B0BcWlfg4+DAnmY2WgCYvhDtBgkA== Completed in 1ms
360 timing metavuln:calculate:security-advisory:postcss:SQKCup8sGN0ajTqJBTsmG5DRPm6VNoYvtYEU3+oEs0yS1Zc7yA0hMKDHq2B0BcWlfg4+DAnmY2WgCYvhDtBgkA== Completed in 50ms
361 timing metavuln:cache:get:security-advisory:vite:ynp0PCskl1nafQbIMSmtRM8ah0a8+LKGj8hLN/laQ/6h0TWatuXu8bws7M6f53+IBoUv5EePmn5ZC9jtn9pU5Q== Completed in 39ms
362 timing metavuln:load:security-advisory:vite:fx2mwW36ArsLNNmiCYB2B+AioGAybj/5LWtUwwvmGyInFZ6/vL0v1Nj7nOKaZ8VRGTg3WWTVF3fC78x08j3XPw== Completed in 5ms
363 timing metavuln:calculate:security-advisory:vite:fx2mwW36ArsLNNmiCYB2B+AioGAybj/5LWtUwwvmGyInFZ6/vL0v1Nj7nOKaZ8VRGTg3WWTVF3fC78x08j3XPw== Completed in 44ms
364 timing metavuln:cache:get:security-advisory:@rollup/pluginutils:7zMdcBgZiBJuOJC3oHrLghKcn5FQinMJYSbzkGBpuY9rexvOnGdMtx+2oLNzx61eBdTgTLNjB69RIoBVCFvHFg== Completed in 59ms
365 timing reifyNode:node_modules/entities Completed in 4492ms
366 http fetch GET 200 https://registry.npmjs.org/@rollup%2fpluginutils 90ms (cache hit)
367 timing metavuln:packument:@rollup/pluginutils Completed in 93ms
368 timing metavuln:load:security-advisory:@rollup/pluginutils:fx2mwW36ArsLNNmiCYB2B+AioGAybj/5LWtUwwvmGyInFZ6/vL0v1Nj7nOKaZ8VRGTg3WWTVF3fC78x08j3XPw== Completed in 1ms
369 timing metavuln:calculate:security-advisory:@rollup/pluginutils:fx2mwW36ArsLNNmiCYB2B+AioGAybj/5LWtUwwvmGyInFZ6/vL0v1Nj7nOKaZ8VRGTg3WWTVF3fC78x08j3XPw== Completed in 94ms
370 timing reifyNode:node_modules/@vue/compiler-sfc Completed in 4530ms
371 timing metavuln:cache:get:security-advisory:@vitejs/plugin-vue:TEUqiBy8MvcLuiPSIDG2pGgQODpcW560osGk5YJY3qDpp6ZoJr0ogLOq+w2IZvlHlDjEQ8iOrXXKFM8rPdUY8A== Completed in 24ms
372 timing metavuln:cache:get:security-advisory:laravel-vite-plugin:/7onyWm5THh3Wl87bGuy2xUCQXqNeOIsPDBQrmN0TgCTKe3uQQXD+PyH6o/v1kXS9CNVWW1EB/JtDh2c0ZdZ6g== Completed in 25ms
373 http fetch GET 200 https://registry.npmjs.org/laravel-vite-plugin 74ms (cache hit)
374 timing metavuln:packument:laravel-vite-plugin Completed in 76ms
375 timing metavuln:load:security-advisory:laravel-vite-plugin:GGS4l/DheNMeNXPO8HMwGN6UQthBycD4/hs1yuq9Lm7CU86d4zxwD68X98EKmxZHDJt7f5XLzy+ny3X86THomA== Completed in 0ms
376 timing metavuln:calculate:security-advisory:laravel-vite-plugin:GGS4l/DheNMeNXPO8HMwGN6UQthBycD4/hs1yuq9Lm7CU86d4zxwD68X98EKmxZHDJt7f5XLzy+ny3X86THomA== Completed in 77ms
377 http fetch GET 200 https://registry.npmjs.org/@vitejs%2fplugin-vue 89ms (cache hit)
378 timing metavuln:packument:@vitejs/plugin-vue Completed in 96ms
379 timing metavuln:load:security-advisory:@vitejs/plugin-vue:GGS4l/DheNMeNXPO8HMwGN6UQthBycD4/hs1yuq9Lm7CU86d4zxwD68X98EKmxZHDJt7f5XLzy+ny3X86THomA== Completed in 9ms
380 timing metavuln:calculate:security-advisory:@vitejs/plugin-vue:GGS4l/DheNMeNXPO8HMwGN6UQthBycD4/hs1yuq9Lm7CU86d4zxwD68X98EKmxZHDJt7f5XLzy+ny3X86THomA== Completed in 106ms
381 timing reifyNode:node_modules/@rollup/rollup-linux-x64-gnu Completed in 4645ms
382 timing reifyNode:node_modules/@rollup/rollup-linux-x64-musl Completed in 4653ms
383 timing metavuln:cache:get:security-advisory:watch:PmoL4R9/elHXUP6XS4erdNfvkpbIO7kv3ATUjU3p5qbCfEXcByMC1MyHwRPphKHEOmzfMcnf39iM8l7G9cQQYQ== Completed in 47ms
384 timing reifyNode:node_modules/vue Completed in 4715ms
385 timing reifyNode:node_modules/rollup Completed in 4717ms
386 http fetch GET 200 https://registry.npmjs.org/watch 88ms (cache hit)
387 timing metavuln:packument:watch Completed in 94ms
388 timing metavuln:load:security-advisory:watch:dq1/Whp0QKneb/FY0AMvmLrBvimjK7/RUjHSGPwNR1JSyU3UESg0O81XTH5XTRpTf+sZha3VP7IifhzT+NtvYw== Completed in 0ms
389 timing metavuln:calculate:security-advisory:watch:dq1/Whp0QKneb/FY0AMvmLrBvimjK7/RUjHSGPwNR1JSyU3UESg0O81XTH5XTRpTf+sZha3VP7IifhzT+NtvYw== Completed in 94ms
390 timing auditReport:init Completed in 1880ms
391 timing reify:audit Completed in 4761ms
392 timing reifyNode:node_modules/numeral Completed in 4796ms
393 timing reifyNode:node_modules/axios Completed in 4871ms
394 timing reifyNode:node_modules/jquery Completed in 4886ms
395 timing reifyNode:node_modules/@babel/runtime Completed in 4882ms
396 timing reifyNode:node_modules/vite Completed in 4918ms
397 timing reifyNode:node_modules/sass Completed in 5092ms
398 timing reifyNode:node_modules/@babel/types Completed in 5181ms
399 timing reifyNode:node_modules/@esbuild/linux-x64 Completed in 5511ms
400 timing reifyNode:node_modules/dayjs Completed in 5599ms
401 timing reifyNode:node_modules/lodash-es Completed in 5761ms
402 timing reifyNode:node_modules/moment Completed in 5992ms
403 timing reifyNode:node_modules/lodash Completed in 6288ms
404 timing reifyNode:node_modules/core-js Completed in 9366ms
405 timing reifyNode:node_modules/@ant-design/icons-vue Completed in 9885ms
406 timing reifyNode:node_modules/@ant-design/icons-svg Completed in 10737ms
407 timing reifyNode:node_modules/ant-design-vue Completed in 12941ms
408 timing reify:unpack Completed in 12948ms
409 timing reify:unretire Completed in 0ms
410 timing build:queue Completed in 12ms
411 timing build:link:node_modules/@babel/parser Completed in 7ms
412 timing build:link:node_modules/acorn Completed in 6ms
413 timing build:link:node_modules/esbuild Completed in 6ms
414 timing build:link:node_modules/laravel-vite-plugin Completed in 7ms
415 timing build:link:node_modules/loose-envify Completed in 7ms
416 timing build:link:node_modules/nanoid Completed in 7ms
417 timing build:link:node_modules/rollup Completed in 7ms
418 timing build:link:node_modules/sass Completed in 7ms
419 timing build:link:node_modules/vite Completed in 7ms
420 timing build:link:node_modules/watch Completed in 7ms
421 timing build:link:node_modules/@vueuse/components/node_modules/vue-demi Completed in 7ms
422 timing build:link:node_modules/@vueuse/core/node_modules/vue-demi Completed in 6ms
423 timing build:link:node_modules/@vueuse/shared/node_modules/vue-demi Completed in 6ms
424 timing build:link Completed in 8ms
425 info run core-js@3.38.0 postinstall node_modules/core-js node -e "try{require('./postinstall')}catch(e){}"
426 info run esbuild@0.19.12 postinstall node_modules/esbuild node install.js
427 info run core-js@3.38.0 postinstall { code: 0, signal: null }
428 timing build:run:postinstall:node_modules/core-js Completed in 229ms
429 info run vue-demi@0.14.7 postinstall node_modules/@vueuse/components/node_modules/vue-demi node -e "try{require('./scripts/postinstall.js')}catch(e){}"
430 info run esbuild@0.19.12 postinstall { code: 0, signal: null }
431 timing build:run:postinstall:node_modules/esbuild Completed in 268ms
432 info run vue-demi@0.14.7 postinstall node_modules/@vueuse/core/node_modules/vue-demi node -e "try{require('./scripts/postinstall.js')}catch(e){}"
433 info run vue-demi@0.14.7 postinstall { code: 0, signal: null }
434 timing build:run:postinstall:node_modules/@vueuse/components/node_modules/vue-demi Completed in 324ms
435 info run vue-demi@0.14.7 postinstall node_modules/@vueuse/shared/node_modules/vue-demi node -e "try{require('./scripts/postinstall.js')}catch(e){}"
436 info run vue-demi@0.14.7 postinstall { code: 0, signal: null }
437 timing build:run:postinstall:node_modules/@vueuse/core/node_modules/vue-demi Completed in 307ms
438 info run vue-demi@0.14.7 postinstall { code: 0, signal: null }
439 timing build:run:postinstall:node_modules/@vueuse/shared/node_modules/vue-demi Completed in 287ms
440 timing build:run:postinstall Completed in 840ms
441 timing build:deps Completed in 862ms
442 timing build Completed in 862ms
443 timing reify:build Completed in 863ms
444 timing reify:trash Completed in 6ms
445 timing reify:save Completed in 121ms
446 timing reify Completed in 14321ms
447 silly ADD node_modules/webpack-virtual-modules
448 silly ADD node_modules/webpack-sources
449 silly ADD node_modules/watch
450 silly ADD node_modules/warning
451 silly ADD node_modules/vue3-filters
452 silly ADD node_modules/vue2-filters
453 silly ADD node_modules/vue-types
454 silly ADD node_modules/vue-router
455 silly ADD node_modules/vue-router/node_modules/@vue/devtools-api
456 silly ADD node_modules/vue-plugin-load-script
457 silly ADD node_modules/vue-axios
458 silly ADD node_modules/vue
459 silly ADD node_modules/vite-plugin-full-reload
460 silly ADD node_modules/vite
461 silly ADD node_modules/v-click-outside
462 silly ADD node_modules/unplugin-vue-components
463 silly ADD node_modules/unplugin
464 silly ADD node_modules/ufo
465 silly ADD node_modules/to-regex-range
466 silly ADD node_modules/to-fast-properties
467 silly ADD node_modules/throttle-debounce
468 silly ADD node_modules/stylis
469 silly ADD node_modules/source-map-js
470 silly ADD node_modules/shallow-equal
471 silly ADD node_modules/scroll-into-view-if-needed
472 silly ADD node_modules/sass
473 silly ADD node_modules/run-parallel
474 silly ADD node_modules/rollup
475 silly ADD node_modules/reusify
476 silly ADD node_modules/resize-observer-polyfill
477 silly ADD node_modules/regenerator-runtime
478 silly ADD node_modules/readdirp
479 silly ADD node_modules/queue-microtask
480 silly ADD node_modules/proxy-from-env
481 silly ADD node_modules/postcss
482 silly ADD node_modules/pkg-types
483 silly ADD node_modules/picomatch
484 silly ADD node_modules/picocolors
485 silly ADD node_modules/pathe
486 silly ADD node_modules/numeral
487 silly ADD node_modules/normalize-path
488 silly ADD node_modules/nanopop
489 silly ADD node_modules/nanoid
490 silly ADD node_modules/ms
491 silly ADD node_modules/moment
492 silly ADD node_modules/mlly
493 silly ADD node_modules/minimist
494 silly ADD node_modules/minimatch
495 silly ADD node_modules/mime-types
496 silly ADD node_modules/mime-db
497 silly ADD node_modules/micromatch
498 silly ADD node_modules/merge2
499 silly ADD node_modules/merge
500 silly ADD node_modules/magic-string
501 silly ADD node_modules/loose-envify
502 silly ADD node_modules/lodash-es
503 silly ADD node_modules/lodash
504 silly ADD node_modules/local-pkg
505 silly ADD node_modules/laravel-vite-plugin
506 silly ADD node_modules/lang.js
507 silly ADD node_modules/js-tokens
508 silly ADD node_modules/jquery
509 silly ADD node_modules/is-plain-object
510 silly ADD node_modules/is-number
511 silly ADD node_modules/is-glob
512 silly ADD node_modules/is-extglob
513 silly ADD node_modules/is-binary-path
514 silly ADD node_modules/immutable
515 silly ADD node_modules/glob-parent
516 silly ADD
517 silly ADD node_modules/form-data
518 silly ADD node_modules/follow-redirects
519 silly ADD node_modules/fill-range
520 silly ADD node_modules/fastq
521 silly ADD node_modules/fast-glob
522 silly ADD node_modules/exec-sh
523 silly ADD node_modules/estree-walker
524 silly ADD node_modules/esbuild
525 silly ADD node_modules/entities
526 silly ADD node_modules/dom-scroll-into-view
527 silly ADD node_modules/dom-align
528 silly ADD node_modules/delayed-stream
529 silly ADD node_modules/debug
530 silly ADD node_modules/dayjs
531 silly ADD node_modules/csstype
532 silly ADD node_modules/core-js
533 silly ADD node_modules/confbox
534 silly ADD node_modules/compute-scroll-into-view
535 silly ADD node_modules/combined-stream
536 silly ADD node_modules/chokidar
537 silly ADD node_modules/braces
538 silly ADD node_modules/brace-expansion
539 silly ADD node_modules/binary-extensions
540 silly ADD node_modules/balanced-match
541 silly ADD node_modules/axios
542 silly ADD node_modules/asynckit
543 silly ADD node_modules/async-validator
544 silly ADD node_modules/array-tree-filter
545 silly ADD node_modules/anymatch
546 silly ADD node_modules/ant-design-vue
547 silly ADD node_modules/acorn
548 silly ADD node_modules/@vueuse/shared
549 silly ADD node_modules/@vueuse/shared/node_modules/vue-demi
550 silly ADD node_modules/@vueuse/metadata
551 silly ADD node_modules/@vueuse/core
552 silly ADD node_modules/@vueuse/core/node_modules/vue-demi
553 silly ADD node_modules/@vueuse/components
554 silly ADD node_modules/@vueuse/components/node_modules/vue-demi
555 silly ADD node_modules/@vue/shared
556 silly ADD node_modules/@vue/server-renderer
557 silly ADD node_modules/@vue/runtime-dom
558 silly ADD node_modules/@vue/runtime-core
559 silly ADD node_modules/@vue/reactivity
560 silly ADD node_modules/@vue/compiler-ssr
561 silly ADD node_modules/@vue/compiler-sfc
562 silly ADD node_modules/@vue/compiler-dom
563 silly ADD node_modules/@vue/compiler-core
564 silly ADD node_modules/@vitejs/plugin-vue
565 silly ADD node_modules/@types/web-bluetooth
566 silly ADD node_modules/@types/estree
567 silly ADD node_modules/@simonwep/pickr
568 silly ADD
569 silly ADD
570 silly ADD
571 silly ADD node_modules/@rollup/rollup-linux-x64-musl
572 silly ADD node_modules/@rollup/rollup-linux-x64-gnu
573 silly ADD
574 silly ADD
575 silly ADD
576 silly ADD
577 silly ADD
578 silly ADD
579 silly ADD
580 silly ADD
581 silly ADD node_modules/@rollup/pluginutils
582 silly ADD node_modules/@nodelib/fs.walk
583 silly ADD node_modules/@nodelib/fs.stat
584 silly ADD node_modules/@nodelib/fs.scandir
585 silly ADD node_modules/@jridgewell/sourcemap-codec
586 silly ADD
587 silly ADD
588 silly ADD
589 silly ADD
590 silly ADD
591 silly ADD
592 silly ADD node_modules/@esbuild/linux-x64
593 silly ADD
594 silly ADD
595 silly ADD
596 silly ADD
597 silly ADD
598 silly ADD
599 silly ADD
600 silly ADD
601 silly ADD
602 silly ADD
603 silly ADD
604 silly ADD
605 silly ADD
606 silly ADD
607 silly ADD
608 silly ADD
609 silly ADD node_modules/@emotion/unitless
610 silly ADD node_modules/@emotion/hash
611 silly ADD node_modules/@ctrl/tinycolor
612 silly ADD node_modules/@coders-tm/vue-number-format
613 silly ADD node_modules/@babel/types
614 silly ADD node_modules/@babel/runtime
615 silly ADD node_modules/@babel/parser
616 silly ADD node_modules/@babel/helper-validator-identifier
617 silly ADD node_modules/@babel/helper-string-parser
618 silly ADD node_modules/@antfu/utils
619 silly ADD node_modules/@ant-design/icons-vue
620 silly ADD node_modules/@ant-design/icons-svg
621 silly ADD node_modules/@ant-design/colors
622 timing command:install Completed in 14376ms
623 verbose exit 0
624 timing npm Completed in 14452ms
625 info ok
